TN:
SF:src/app.module.ts
FN:25,(anonymous_1)
FN:39,(anonymous_2)
FNF:2
FNH:0
FNDA:0,(anonymous_1)
FNDA:0,(anonymous_2)
DA:1,0
DA:2,0
DA:3,0
DA:4,0
DA:5,0
DA:7,0
DA:8,0
DA:9,0
DA:10,0
DA:11,0
DA:12,0
DA:25,0
DA:39,0
DA:65,0
LF:14
LH:0
BRDA:19,0,0,0
BRDA:19,0,1,0
BRDA:31,1,0,0
BRDA:31,1,1,0
BRF:4
BRH:0
end_of_record
TN:
SF:src/main.ts
FN:8,bootstrap
FN:64,(anonymous_1)
FNF:2
FNH:0
FNDA:0,bootstrap
FNDA:0,(anonymous_1)
DA:1,0
DA:2,0
DA:3,0
DA:4,0
DA:5,0
DA:6,0
DA:9,0
DA:10,0
DA:11,0
DA:14,0
DA:17,0
DA:29,0
DA:36,0
DA:47,0
DA:48,0
DA:55,0
DA:57,0
DA:58,0
DA:60,0
DA:61,0
DA:64,0
DA:65,0
DA:66,0
LF:23
LH:0
BRF:0
BRH:0
end_of_record
TN:
SF:src/ai/ai.module.ts
FNF:0
FNH:0
DA:1,0
DA:2,0
DA:8,0
LF:3
LH:0
BRF:0
BRH:0
end_of_record
TN:
SF:src/ai/ai.service.ts
FN:18,(anonymous_2)
FN:27,(anonymous_3)
FNF:2
FNH:0
FNDA:0,(anonymous_2)
FNDA:0,(anonymous_3)
DA:1,2
DA:2,2
DA:3,2
DA:4,2
DA:14,2
DA:18,0
DA:19,0
DA:22,0
DA:28,0
DA:30,0
DA:32,0
DA:34,0
DA:35,0
DA:39,0
DA:40,0
DA:45,0
DA:48,0
DA:50,0
LF:18
LH:5
BRDA:27,0,0,0
BRDA:34,1,0,0
BRDA:34,1,1,0
BRDA:39,2,0,0
BRDA:39,2,1,0
BRF:5
BRH:0
end_of_record
TN:
SF:src/auth/auth.controller.ts
FN:28,(anonymous_4)
FN:57,(anonymous_5)
FN:90,(anonymous_6)
FN:120,(anonymous_7)
FNF:4
FNH:4
FNDA:4,(anonymous_4)
FNDA:1,(anonymous_5)
FNDA:1,(anonymous_6)
FNDA:1,(anonymous_7)
DA:1,1
DA:11,1
DA:19,1
DA:20,1
DA:21,1
DA:22,1
DA:23,1
DA:27,1
DA:28,4
DA:57,1
DA:60,1
DA:90,1
DA:91,1
DA:120,1
DA:121,1
LF:15
LH:15
BRF:0
BRH:0
end_of_record
TN:
SF:src/auth/auth.module.ts
FN:19,(anonymous_1)
FNF:1
FNH:0
FNDA:0,(anonymous_1)
DA:1,0
DA:2,0
DA:3,0
DA:4,0
DA:5,0
DA:7,0
DA:8,0
DA:9,0
DA:10,0
DA:11,0
DA:19,0
DA:32,0
LF:12
LH:0
BRF:0
BRH:0
end_of_record
TN:
SF:src/auth/auth.service.ts
FN:34,(anonymous_4)
FN:45,(anonymous_5)
FN:92,(anonymous_6)
FN:128,(anonymous_7)
FN:147,(anonymous_8)
FN:166,(anonymous_9)
FNF:6
FNH:5
FNDA:10,(anonymous_4)
FNDA:2,(anonymous_5)
FNDA:3,(anonymous_6)
FNDA:2,(anonymous_7)
FNDA:2,(anonymous_8)
FNDA:0,(anonymous_9)
DA:1,2
DA:7,2
DA:8,2
DA:9,2
DA:10,2
DA:12,2
DA:33,2
DA:36,10
DA:38,10
DA:39,10
DA:46,2
DA:49,2
DA:53,2
DA:54,1
DA:58,1
DA:61,1
DA:67,1
DA:70,1
DA:73,1
DA:76,1
DA:77,1
DA:79,1
DA:93,3
DA:96,3
DA:100,3
DA:101,1
DA:105,2
DA:107,2
DA:108,1
DA:112,1
DA:113,1
DA:115,1
DA:129,2
DA:131,2
DA:132,1
DA:135,1
DA:148,2
DA:152,2
DA:153,1
DA:160,1
DA:167,0
LF:41
LH:40
BRDA:53,0,0,1
BRDA:100,1,0,1
BRDA:107,2,0,1
BRDA:131,3,0,1
BRDA:152,4,0,1
BRDA:152,5,0,2
BRDA:152,5,1,2
BRF:7
BRH:7
end_of_record
TN:
SF:src/auth/decorators/current-user.decorator.ts
FN:4,(anonymous_0)
FNF:1
FNH:0
FNDA:0,(anonymous_0)
DA:1,3
DA:3,3
DA:5,0
DA:6,0
LF:4
LH:2
BRF:0
BRH:0
end_of_record
TN:
SF:src/auth/decorators/public.decorator.ts
FN:4,(anonymous_0)
FNF:1
FNH:1
FNDA:4,(anonymous_0)
DA:1,3
DA:3,3
DA:4,4
LF:3
LH:3
BRF:0
BRH:0
end_of_record
TN:
SF:src/auth/dto/index.ts
FN:1,(anonymous_0)
FN:2,(anonymous_1)
FNF:2
FNH:2
FNDA:2,(anonymous_0)
FNDA:2,(anonymous_1)
DA:1,3
DA:2,3
LF:2
LH:2
BRF:0
BRH:0
end_of_record
TN:
SF:src/auth/dto/login.dto.ts
FNF:0
FNH:0
DA:1,1
DA:2,1
DA:4,1
DA:11,1
DA:19,1
LF:5
LH:5
BRF:0
BRH:0
end_of_record
TN:
SF:src/auth/dto/register.dto.ts
FNF:0
FNH:0
DA:1,1
DA:2,1
DA:4,1
DA:11,1
DA:23,1
DA:35,1
LF:6
LH:6
BRF:0
BRH:0
end_of_record
TN:
SF:src/auth/guards/jwt-auth.guard.ts
FN:8,(anonymous_2)
FN:12,(anonymous_3)
FNF:2
FNH:1
FNDA:11,(anonymous_2)
FNDA:0,(anonymous_3)
DA:1,3
DA:2,3
DA:3,3
DA:4,3
DA:7,3
DA:8,11
DA:9,11
DA:13,0
DA:18,0
DA:19,0
DA:22,0
LF:11
LH:7
BRDA:18,0,0,0
BRF:1
BRH:0
end_of_record
TN:
SF:src/auth/guards/local-auth.guard.ts
FNF:0
FNH:0
DA:1,0
DA:2,0
DA:5,0
LF:3
LH:0
BRF:0
BRH:0
end_of_record
TN:
SF:src/auth/strategies/jwt.strategy.ts
FN:16,(anonymous_2)
FN:27,(anonymous_3)
FNF:2
FNH:0
FNDA:0,(anonymous_2)
FNDA:0,(anonymous_3)
DA:1,0
DA:2,0
DA:3,0
DA:4,0
DA:5,0
DA:15,0
DA:17,0
DA:18,0
DA:20,0
DA:28,0
DA:30,0
DA:31,0
DA:34,0
LF:13
LH:0
BRDA:30,0,0,0
BRF:1
BRH:0
end_of_record
TN:
SF:src/auth/strategies/local.strategy.ts
FN:8,(anonymous_2)
FN:15,(anonymous_3)
FNF:2
FNH:0
FNDA:0,(anonymous_2)
FNDA:0,(anonymous_3)
DA:1,0
DA:2,0
DA:3,0
DA:4,0
DA:7,0
DA:8,0
DA:9,0
DA:16,0
DA:18,0
DA:19,0
DA:22,0
LF:11
LH:0
BRDA:18,0,0,0
BRF:1
BRH:0
end_of_record
TN:
SF:src/database/data-source.ts
FNF:0
FNH:0
DA:1,0
DA:2,0
DA:3,0
DA:5,0
DA:7,0
LF:5
LH:0
BRDA:9,0,0,0
BRDA:9,0,1,0
BRDA:14,1,0,0
BRDA:14,1,1,0
BRF:4
BRH:0
end_of_record
TN:
SF:src/database/migration-data-source.ts
FNF:0
FNH:0
DA:1,0
DA:2,0
DA:4,0
LF:3
LH:0
BRDA:6,0,0,0
BRDA:6,0,1,0
BRF:2
BRH:0
end_of_record
TN:
SF:src/database/entities/index.ts
FN:1,(anonymous_0)
FN:2,(anonymous_1)
FN:3,(anonymous_2)
FN:4,(anonymous_3)
FN:5,(anonymous_4)
FNF:5
FNH:2
FNDA:22,(anonymous_0)
FNDA:0,(anonymous_1)
FNDA:22,(anonymous_2)
FNDA:0,(anonymous_3)
FNDA:0,(anonymous_4)
DA:1,24
DA:2,2
DA:3,24
DA:4,2
DA:5,2
LF:5
LH:5
BRF:0
BRH:0
end_of_record
TN:
SF:src/database/entities/language.entity.ts
FNF:0
FNH:0
DA:1,4
DA:4,4
DA:6,4
DA:9,4
DA:12,4
DA:15,4
DA:18,4
DA:21,4
DA:24,4
DA:27,4
LF:10
LH:10
BRF:0
BRH:0
end_of_record
TN:
SF:src/database/entities/translation-style.entity.ts
FNF:0
FNH:0
DA:1,4
DA:4,4
DA:6,4
DA:9,4
DA:12,4
DA:15,4
DA:18,4
DA:21,4
DA:24,4
DA:27,4
LF:10
LH:10
BRF:0
BRH:0
end_of_record
TN:
SF:src/database/entities/translation.entity.ts
FN:61,(anonymous_2)
FN:23,(anonymous_3)
FN:23,(anonymous_4)
FNF:3
FNH:0
FNDA:0,(anonymous_2)
FNDA:0,(anonymous_3)
FNDA:0,(anonymous_4)
DA:1,6
DA:10,6
DA:16,6
DA:18,6
DA:21,6
DA:23,0
DA:25,6
DA:28,6
DA:31,6
DA:34,6
DA:37,6
DA:44,6
DA:47,6
DA:50,6
DA:53,6
DA:56,6
DA:59,6
DA:62,0
DA:63,0
DA:64,0
LF:20
LH:16
BRDA:63,0,0,0
BRF:1
BRH:0
end_of_record
TN:
SF:src/database/entities/user-settings.entity.ts
FN:60,(anonymous_2)
FN:18,(anonymous_3)
FN:18,(anonymous_4)
FNF:3
FNH:1
FNDA:4,(anonymous_2)
FNDA:0,(anonymous_3)
FNDA:0,(anonymous_4)
DA:1,6
DA:10,6
DA:14,6
DA:16,6
DA:18,0
DA:20,6
DA:28,6
DA:36,6
DA:43,6
DA:46,6
DA:49,6
DA:52,6
DA:55,6
DA:58,6
DA:61,4
LF:15
LH:14
BRF:0
BRH:0
end_of_record
TN:
SF:src/database/entities/user.entity.ts
FN:44,(anonymous_2)
FN:38,(anonymous_3)
FN:38,(anonymous_4)
FN:41,(anonymous_5)
FN:41,(anonymous_6)
FNF:5
FNH:0
FNDA:0,(anonymous_2)
FNDA:0,(anonymous_3)
FNDA:0,(anonymous_4)
FNDA:0,(anonymous_5)
FNDA:0,(anonymous_6)
DA:1,6
DA:10,6
DA:11,6
DA:12,6
DA:15,6
DA:17,6
DA:20,6
DA:23,6
DA:27,6
DA:30,6
DA:33,6
DA:36,6
DA:38,0
DA:39,6
DA:41,0
DA:42,6
DA:45,0
LF:17
LH:14
BRF:0
BRH:0
end_of_record
TN:
SF:src/database/migrations/1735238400000-initial-migration.ts
FN:3,(anonymous_0)
FN:6,(anonymous_1)
FN:134,(anonymous_2)
FNF:3
FNH:0
FNDA:0,(anonymous_0)
FNDA:0,(anonymous_1)
FNDA:0,(anonymous_2)
DA:3,0
DA:4,0
DA:8,0
DA:23,0
DA:41,0
DA:57,0
DA:73,0
DA:88,0
DA:94,0
DA:101,0
DA:102,0
DA:103,0
DA:106,0
DA:124,0
DA:135,0
DA:136,0
DA:137,0
DA:138,0
DA:139,0
DA:140,0
DA:141,0
DA:142,0
DA:143,0
DA:144,0
LF:24
LH:0
BRF:0
BRH:0
end_of_record
TN:
SF:src/translations/translations.controller.ts
FN:13,(anonymous_4)
FN:21,(anonymous_5)
FN:29,(anonymous_6)
FN:38,(anonymous_7)
FN:47,(anonymous_8)
FN:56,(anonymous_9)
FN:61,(anonymous_10)
FNF:7
FNH:6
FNDA:7,(anonymous_4)
FNDA:1,(anonymous_5)
FNDA:1,(anonymous_6)
FNDA:1,(anonymous_7)
FNDA:2,(anonymous_8)
FNDA:1,(anonymous_9)
FNDA:0,(anonymous_10)
DA:1,1
DA:2,1
DA:3,1
DA:4,1
DA:5,1
DA:6,1
DA:8,1
DA:12,1
DA:14,7
DA:21,1
DA:22,1
DA:29,1
DA:30,1
DA:38,1
DA:39,1
DA:47,1
DA:48,2
DA:56,1
DA:57,1
DA:61,1
DA:65,0
LF:21
LH:20
BRF:0
BRH:0
end_of_record
TN:
SF:src/translations/translations.module.ts
FNF:0
FNH:0
DA:1,0
DA:2,0
DA:3,0
DA:4,0
DA:5,0
DA:6,0
DA:7,0
DA:8,0
DA:9,0
DA:10,0
DA:11,0
DA:18,0
LF:12
LH:0
BRF:0
BRH:0
end_of_record
TN:
SF:src/translations/translations.service.ts
FN:13,(anonymous_4)
FN:23,(anonymous_5)
FN:31,(anonymous_6)
FN:39,(anonymous_7)
FN:69,(anonymous_8)
FN:83,(anonymous_9)
FNF:6
FNH:6
FNDA:9,(anonymous_4)
FNDA:1,(anonymous_5)
FNDA:1,(anonymous_6)
FNDA:2,(anonymous_7)
FNDA:2,(anonymous_8)
FNDA:2,(anonymous_9)
DA:1,2
DA:2,2
DA:3,2
DA:4,2
DA:5,2
DA:6,2
DA:7,2
DA:12,2
DA:15,9
DA:17,9
DA:19,9
DA:20,9
DA:24,1
DA:32,1
DA:43,2
DA:45,2
DA:52,2
DA:54,2
DA:66,2
DA:70,2
DA:75,2
DA:76,1
DA:79,2
DA:80,2
DA:84,2
DA:85,2
DA:86,1
LF:27
LH:27
BRDA:47,0,0,2
BRDA:47,0,1,1
BRDA:49,1,0,2
BRDA:49,1,1,1
BRDA:58,2,0,2
BRDA:58,2,1,1
BRDA:60,3,0,2
BRDA:60,3,1,1
BRDA:75,4,0,1
BRDA:85,5,0,1
BRF:10
BRH:10
end_of_record
TN:
SF:src/translations/dto/create-translation.dto.ts
FNF:0
FNH:0
DA:1,1
DA:3,1
DA:6,1
DA:10,1
DA:14,1
DA:18,1
DA:22,1
LF:7
LH:7
BRF:0
BRH:0
end_of_record
TN:
SF:src/translations/entities/translation.types.ts
FN:1,(anonymous_0)
FNF:1
FNH:0
FNDA:0,(anonymous_0)
DA:1,0
DA:2,0
DA:3,0
DA:4,0
DA:5,0
LF:5
LH:0
BRDA:1,0,0,0
BRDA:1,0,1,0
BRF:2
BRH:0
end_of_record
TN:
SF:src/users/users.controller.ts
FN:11,(anonymous_4)
FN:14,(anonymous_5)
FN:19,(anonymous_6)
FNF:3
FNH:3
FNDA:3,(anonymous_4)
FNDA:1,(anonymous_5)
FNDA:1,(anonymous_6)
DA:1,1
DA:2,1
DA:3,1
DA:4,1
DA:6,1
DA:10,1
DA:11,3
DA:14,1
DA:15,1
DA:19,1
DA:23,1
LF:11
LH:11
BRF:0
BRH:0
end_of_record
TN:
SF:src/users/users.module.ts
FNF:0
FNH:0
DA:1,0
DA:2,0
DA:3,0
DA:4,0
DA:5,0
DA:6,0
DA:13,0
LF:7
LH:0
BRF:0
BRH:0
end_of_record
TN:
SF:src/users/users.service.ts
FN:9,(anonymous_4)
FN:14,(anonymous_5)
FN:25,(anonymous_6)
FNF:3
FNH:3
FNDA:4,(anonymous_4)
FNDA:2,(anonymous_5)
FNDA:1,(anonymous_6)
DA:1,2
DA:2,2
DA:3,2
DA:4,2
DA:8,2
DA:11,4
DA:15,2
DA:17,2
DA:18,1
DA:19,1
DA:22,1
DA:26,1
DA:27,1
DA:28,1
LF:14
LH:14
BRDA:17,0,0,1
BRF:1
BRH:1
end_of_record
TN:
SF:src/users/dto/update-user-settings.dto.ts
FNF:0
FNH:0
DA:1,1
DA:3,1
DA:6,1
DA:10,1
DA:14,1
DA:18,1
LF:6
LH:6
BRF:0
BRH:0
end_of_record
